2025-05-12 13:47:29,784 - INFO - Key generation initiated.
2025-05-12 13:47:29,788 - INFO - Keys generated successfully. Private key saved at keys/private_key.bin, Public key saved at keys/public_key.bin
2025-05-12 13:50:00,626 - INFO - File signing initiated for D:/testfile.txt
2025-05-12 13:50:00,638 - ERROR - Error signing file: can't concat int to bytes
2025-05-12 13:56:24,847 - INFO - File signing initiated for D:/Cryptography_Gui/stream of life.txt
2025-05-12 13:56:24,854 - ERROR - Error signing file: can't concat int to bytes
2025-05-12 14:00:23,794 - INFO - Key generation initiated.
2025-05-12 14:00:23,794 - INFO - Keys generated successfully. Private key saved at keys/private_key.bin, Public key saved at keys/public_key.bin
2025-05-12 14:01:23,345 - INFO - File signed successfully. Signature saved at keys\signature.bin
2025-05-12 14:02:15,948 - INFO - Signature verification initiated for D:/Cryptography_Gui/If i die in a war zone.txt
2025-05-12 14:02:15,980 - WARNING - Signature verification failed.
2025-05-12 14:03:11,295 - INFO - Key generation initiated.
2025-05-12 14:03:11,299 - INFO - Keys generated successfully. Private key saved at keys/private_key.bin, Public key saved at keys/public_key.bin
2025-05-12 14:03:21,591 - INFO - File signed successfully. Signature saved at keys\signature.bin
2025-05-12 14:03:35,798 - INFO - Signature verification initiated for D:/Cryptography_Gui/the most distant way in the world.txt
2025-05-12 14:03:35,815 - WARNING - Signature verification failed.
2025-05-12 14:08:19,454 - INFO - Key generation initiated.
2025-05-12 14:08:19,456 - INFO - Keys generated successfully. Private key saved at keys/private_key.bin, Public key saved at keys/public_key.bin
2025-05-12 14:08:33,143 - INFO - File signed successfully. Signature saved at keys\signature.bin
2025-05-12 14:08:50,255 - INFO - Bit: 1, Public Hash: c03d1f4df826f544b63f184b9f8166b7f54ffc09545f24e6b28a220d4dca7997, Expected Public Key: c03d1f4df826f544b63f184b9f8166b7f54ffc09545f24e6b28a220d4dca7997
2025-05-12 14:08:50,255 - INFO - Bit: 0, Public Hash: 7f1d11fd746864e6c4fec258eaa0279571698db40e528dfc7e34b1807b04b8d2, Expected Public Key: 7f1d11fd746864e6c4fec258eaa0279571698db40e528dfc7e34b1807b04b8d2
2025-05-12 14:08:50,255 - INFO - Bit: 0, Public Hash: c5b7ce42752723d43329ffe0ea6e07580cac071fc6d32dd24bae08f6469a6854, Expected Public Key: c5b7ce42752723d43329ffe0ea6e07580cac071fc6d32dd24bae08f6469a6854
2025-05-12 14:08:50,255 - INFO - Bit: 1, Public Hash: d2f156af7bc864cd3fdfb822f676a5de85ee9a0a1f67bd6e38251991906c0ed4, Expected Public Key: d2f156af7bc864cd3fdfb822f676a5de85ee9a0a1f67bd6e38251991906c0ed4
2025-05-12 14:08:50,255 - INFO - Bit: 0, Public Hash: 0103bb4085d6ce38a3a8b575fdd2bf831bb43a4efe5022a0b4c20c1443ecc15a, Expected Public Key: 0103bb4085d6ce38a3a8b575fdd2bf831bb43a4efe5022a0b4c20c1443ecc15a
2025-05-12 14:08:50,255 - INFO - Bit: 0, Public Hash: 52b5b9001228c17659f9293ffd8f18605654cc0ef0c5a6d05b75f0d0200570a5, Expected Public Key: 52b5b9001228c17659f9293ffd8f18605654cc0ef0c5a6d05b75f0d0200570a5
2025-05-12 14:08:50,255 - INFO - Bit: 1, Public Hash: 58b78c61715ba7386244bede0c55c9db73f57ac60a41ea6db40824dae56f8c3b, Expected Public Key: 58b78c61715ba7386244bede0c55c9db73f57ac60a41ea6db40824dae56f8c3b
2025-05-12 14:08:50,255 - INFO - Bit: 1, Public Hash: cf15eef4542e0f54d7e684f6c55ee57c01ca3779580005a162cc502b7595257a, Expected Public Key: cf15eef4542e0f54d7e684f6c55ee57c01ca3779580005a162cc502b7595257a
2025-05-12 14:08:50,255 - INFO - Bit: 1, Public Hash: 642c1ff2187436d6131394a7fd8f7544c0dd879c7d7c6833ff019720b4e4b81b, Expected Public Key: 642c1ff2187436d6131394a7fd8f7544c0dd879c7d7c6833ff019720b4e4b81b
2025-05-12 14:08:50,255 - INFO - Bit: 0, Public Hash: 54a9165d90793bf9d9ecdfe6552c3ed170fd1c3a8e2be8694339ac525b348158, Expected Public Key: 54a9165d90793bf9d9ecdfe6552c3ed170fd1c3a8e2be8694339ac525b348158
2025-05-12 14:08:50,255 - INFO - Bit: 1, Public Hash: a5be39686a5ac5e28b515b180020f1da1784ccf23ef1842e8abb6cfe07a2a71e, Expected Public Key: a5be39686a5ac5e28b515b180020f1da1784ccf23ef1842e8abb6cfe07a2a71e
2025-05-12 14:08:50,255 - INFO - Bit: 1, Public Hash: 8174fb0e938337d0679c6c46cb10a3125a3cedb616ef2ce036961a6e72f1de28, Expected Public Key: 8174fb0e938337d0679c6c46cb10a3125a3cedb616ef2ce036961a6e72f1de28
2025-05-12 14:08:50,255 - INFO - Bit: 1, Public Hash: 2834634effa3d3a41e0dff02276b8077e5db576e5ca5ce67bd3b232d022fccc4, Expected Public Key: 2834634effa3d3a41e0dff02276b8077e5db576e5ca5ce67bd3b232d022fccc4
2025-05-12 14:08:50,255 - INFO - Bit: 1, Public Hash: 9df1f4a097886ccc2ab77c7586b50a14bf5634c9e5c06c4002a8f5d4524c4433, Expected Public Key: 9df1f4a097886ccc2ab77c7586b50a14bf5634c9e5c06c4002a8f5d4524c4433
2025-05-12 14:08:50,255 - INFO - Bit: 0, Public Hash: 7cf3bf2a34160854cbdc8fcffbb5f1d966bd10fdae812df00d92bb388db9a399, Expected Public Key: 7cf3bf2a34160854cbdc8fcffbb5f1d966bd10fdae812df00d92bb388db9a399
2025-05-12 14:08:50,255 - INFO - Bit: 1, Public Hash: 846217dc1b408a2505ba0d5ef4e32674f7ff3c698d8da5946d7a12dff4b8fa80, Expected Public Key: 846217dc1b408a2505ba0d5ef4e32674f7ff3c698d8da5946d7a12dff4b8fa80
2025-05-12 14:08:50,255 - INFO - Bit: 0, Public Hash: f1dfab60b84e20368559605472b22c4fcf5308d08f872a5df089d47cf1b9cee3, Expected Public Key: f1dfab60b84e20368559605472b22c4fcf5308d08f872a5df089d47cf1b9cee3
2025-05-12 14:08:50,255 - INFO - Bit: 0, Public Hash: 6a761536a0762efd26eb48974627c90f8cc021dbf80c315e087801592f592f0c, Expected Public Key: 6a761536a0762efd26eb48974627c90f8cc021dbf80c315e087801592f592f0c
2025-05-12 14:08:50,255 - INFO - Bit: 0, Public Hash: 39d10b41a58ed3d087a464ffc67c36c41652c51f64d156b3bade31c739ddbde1, Expected Public Key: 39d10b41a58ed3d087a464ffc67c36c41652c51f64d156b3bade31c739ddbde1
2025-05-12 14:08:50,255 - INFO - Bit: 1, Public Hash: a59c80d0b40d8f9f21a3dd7a9af1d0520cfe0b3b82a69df35d7315c8ee30b056, Expected Public Key: a59c80d0b40d8f9f21a3dd7a9af1d0520cfe0b3b82a69df35d7315c8ee30b056
2025-05-12 14:08:50,255 - INFO - Bit: 1, Public Hash: 76e2247d284336ab685bd4708723823f3b73d44686f5cf51eba88796ac50f4fe, Expected Public Key: 76e2247d284336ab685bd4708723823f3b73d44686f5cf51eba88796ac50f4fe
2025-05-12 14:08:50,255 - INFO - Bit: 1, Public Hash: 8fe0f4c2a73ba07b8101916bd1e75ad9d3c0064813e5fcf039a533a6af469cd2, Expected Public Key: 8fe0f4c2a73ba07b8101916bd1e75ad9d3c0064813e5fcf039a533a6af469cd2
2025-05-12 14:08:50,255 - INFO - Bit: 0, Public Hash: 9feb4eb9436d6d5df812973136ca904cc032a9e5cc00fb5a73f4964aa371cbd7, Expected Public Key: 9feb4eb9436d6d5df812973136ca904cc032a9e5cc00fb5a73f4964aa371cbd7
2025-05-12 14:08:50,255 - INFO - Bit: 0, Public Hash: bb3062774447e766005ab87689204874a69d45321c1b965709aaff6673da594a, Expected Public Key: bb3062774447e766005ab87689204874a69d45321c1b965709aaff6673da594a
2025-05-12 14:08:50,255 - INFO - Bit: 0, Public Hash: ba7f5d8504e560e8dfdf84b168d938fca5ebcbdd9fb864184d6d3b18afe13b93, Expected Public Key: ba7f5d8504e560e8dfdf84b168d938fca5ebcbdd9fb864184d6d3b18afe13b93
2025-05-12 14:08:50,255 - INFO - Bit: 1, Public Hash: c4b57e03c047cbb3158dee699385854c772a2077695fda360bd77f6ce910f3fb, Expected Public Key: c4b57e03c047cbb3158dee699385854c772a2077695fda360bd77f6ce910f3fb
2025-05-12 14:08:50,255 - INFO - Bit: 1, Public Hash: a1ae2fdd7832448ed23b98c39ae962c130e6e6ff96351bb025ab0b488da58fc5, Expected Public Key: a1ae2fdd7832448ed23b98c39ae962c130e6e6ff96351bb025ab0b488da58fc5
2025-05-12 14:08:50,255 - INFO - Bit: 0, Public Hash: 77ad1c023617585dff74189f1d9fc17fb4938826720f2d54f21a417493a86682, Expected Public Key: 77ad1c023617585dff74189f1d9fc17fb4938826720f2d54f21a417493a86682
2025-05-12 14:08:50,255 - INFO - Bit: 1, Public Hash: 76828ac31a0ee0907731cebefaa623baab637c38710d9adeacb3f9b68b74417b, Expected Public Key: 76828ac31a0ee0907731cebefaa623baab637c38710d9adeacb3f9b68b74417b
2025-05-12 14:08:50,255 - INFO - Bit: 0, Public Hash: 19f3090b784ecd46205cc977f1cc615f7905be2af0fbf1cf064b4708eec26c46, Expected Public Key: 19f3090b784ecd46205cc977f1cc615f7905be2af0fbf1cf064b4708eec26c46
2025-05-12 14:08:50,255 - INFO - Bit: 0, Public Hash: 90c666bf39b3f0cd44de94e67f068902e5ae4739fe106e286426491ae93fb80c, Expected Public Key: 90c666bf39b3f0cd44de94e67f068902e5ae4739fe106e286426491ae93fb80c
2025-05-12 14:08:50,255 - INFO - Bit: 1, Public Hash: 1b3901daca9bc4f621c9b94220027fb44d7d90edf8a01a6622f340e501833969, Expected Public Key: 1b3901daca9bc4f621c9b94220027fb44d7d90edf8a01a6622f340e501833969
2025-05-12 14:08:50,255 - INFO - Bit: 0, Public Hash: 8e9e4655789b0e4a9a95c410a00d4257aca75bf4d715ba05e77ca5fa70b77c05, Expected Public Key: 8e9e4655789b0e4a9a95c410a00d4257aca75bf4d715ba05e77ca5fa70b77c05
2025-05-12 14:08:50,255 - INFO - Bit: 0, Public Hash: 7a084f81d9923bc7a5d2b8781394e5e94bf581b547ade6801b6b4947871b0dcf, Expected Public Key: 7a084f81d9923bc7a5d2b8781394e5e94bf581b547ade6801b6b4947871b0dcf
2025-05-12 14:08:50,255 - INFO - Bit: 0, Public Hash: 47de902a6dffa4c645f8af9abe537f4357405475ca29047de4dc6e3caf12c1d7, Expected Public Key: 47de902a6dffa4c645f8af9abe537f4357405475ca29047de4dc6e3caf12c1d7
2025-05-12 14:08:50,255 - INFO - Bit: 1, Public Hash: d600d2393cf49cacf9e897407be80b10152b5544a3ce89f980f7cfb66f818950, Expected Public Key: d600d2393cf49cacf9e897407be80b10152b5544a3ce89f980f7cfb66f818950
2025-05-12 14:08:50,255 - INFO - Bit: 0, Public Hash: 6fb406ce3f51ffe437d96ea629fd8250fd9c9611d8d110d85b29fdc68f947c28, Expected Public Key: 6fb406ce3f51ffe437d96ea629fd8250fd9c9611d8d110d85b29fdc68f947c28
2025-05-12 14:08:50,255 - INFO - Bit: 1, Public Hash: ec80ea121a26825ffdc16762319771174bf5a4987157a9f94b53232c7f9bd8d1, Expected Public Key: ec80ea121a26825ffdc16762319771174bf5a4987157a9f94b53232c7f9bd8d1
2025-05-12 14:08:50,255 - INFO - Bit: 0, Public Hash: 17dcf9330458cb6270c99c29b69f1f582df67308dcae51e52f38cc48acba9155, Expected Public Key: 17dcf9330458cb6270c99c29b69f1f582df67308dcae51e52f38cc48acba9155
2025-05-12 14:08:50,255 - INFO - Bit: 1, Public Hash: 942d409dd7bf062fa3e1b8173aeaa089dd4c0d8d9b35805e6405a0667a025701, Expected Public Key: 942d409dd7bf062fa3e1b8173aeaa089dd4c0d8d9b35805e6405a0667a025701
2025-05-12 14:08:50,255 - INFO - Bit: 0, Public Hash: a5deb1eeb6542982a4b0b12b07c1b4c397e2a98b3bd31b799262332c07e3d9d8, Expected Public Key: a5deb1eeb6542982a4b0b12b07c1b4c397e2a98b3bd31b799262332c07e3d9d8
2025-05-12 14:08:50,255 - INFO - Bit: 1, Public Hash: e32d366a152b78be0152fff16730c92764bea2c3bea9f5b18a90f906c0f30575, Expected Public Key: e32d366a152b78be0152fff16730c92764bea2c3bea9f5b18a90f906c0f30575
2025-05-12 14:08:50,255 - INFO - Bit: 0, Public Hash: 1faac4d15d5ffec6992303e2791e120e880474e4276870d7735722281566a2ed, Expected Public Key: 1faac4d15d5ffec6992303e2791e120e880474e4276870d7735722281566a2ed
2025-05-12 14:08:50,255 - INFO - Bit: 1, Public Hash: 3cac4f971c93d1b1c69870a9e9dc1605b8a27a85b32f718138f9d7db7d1d4c39, Expected Public Key: 3cac4f971c93d1b1c69870a9e9dc1605b8a27a85b32f718138f9d7db7d1d4c39
2025-05-12 14:08:50,255 - INFO - Bit: 0, Public Hash: 5f513f9070851528984ceba4447bba1d627f47b11ac9e17aaf1a645ec8f7c0b5, Expected Public Key: 5f513f9070851528984ceba4447bba1d627f47b11ac9e17aaf1a645ec8f7c0b5
2025-05-12 14:08:50,255 - INFO - Bit: 0, Public Hash: ffbcd318af240ff149035acf68eaadd75314f447e98b32bd4d020b929e6d57ac, Expected Public Key: ffbcd318af240ff149035acf68eaadd75314f447e98b32bd4d020b929e6d57ac
2025-05-12 14:08:50,255 - INFO - Bit: 1, Public Hash: 98b72b7d2293bd20b634f00b3dd7e9328bdcae826f612d3c111f3664d5e5e980, Expected Public Key: 98b72b7d2293bd20b634f00b3dd7e9328bdcae826f612d3c111f3664d5e5e980
2025-05-12 14:08:50,255 - INFO - Bit: 1, Public Hash: 13dfbd42f7cfcdf25de7b05783de4da1d5de90d36c8eda6b0b935d5393b08823, Expected Public Key: 13dfbd42f7cfcdf25de7b05783de4da1d5de90d36c8eda6b0b935d5393b08823
2025-05-12 14:08:50,255 - INFO - Bit: 0, Public Hash: e4b33698aa7b77cc5bc8c2a49e626a9ba090907d044529293705b3cccaad8cf3, Expected Public Key: e4b33698aa7b77cc5bc8c2a49e626a9ba090907d044529293705b3cccaad8cf3
2025-05-12 14:08:50,255 - INFO - Bit: 1, Public Hash: abe3b7d3666d29226292e81e4652bbdcf87e19a13b5e1f1471f294a39b49e8ba, Expected Public Key: abe3b7d3666d29226292e81e4652bbdcf87e19a13b5e1f1471f294a39b49e8ba
2025-05-12 14:08:50,255 - INFO - Bit: 0, Public Hash: 40e22764301568372187a6e3c7dcaac9999998dfcbaa7852d0b7e1801f696680, Expected Public Key: 40e22764301568372187a6e3c7dcaac9999998dfcbaa7852d0b7e1801f696680
2025-05-12 14:08:50,255 - INFO - Bit: 1, Public Hash: 603f7b875f8b4e12f7bf6f64c65467019397b9b14aa46f8da068e299327ec807, Expected Public Key: 603f7b875f8b4e12f7bf6f64c65467019397b9b14aa46f8da068e299327ec807
2025-05-12 14:08:50,255 - INFO - Bit: 1, Public Hash: 6a2c791d3181d70a6b50a75a893470fb102d921f112e0a5302d40b463babfe66, Expected Public Key: 6a2c791d3181d70a6b50a75a893470fb102d921f112e0a5302d40b463babfe66
2025-05-12 14:08:50,255 - INFO - Bit: 0, Public Hash: 2f17d52917bc714838bb72dc52e990a3df070b18c6c07562029c03575e303dd0, Expected Public Key: 2f17d52917bc714838bb72dc52e990a3df070b18c6c07562029c03575e303dd0
2025-05-12 14:08:50,255 - INFO - Bit: 1, Public Hash: 141a45aefb99516cb43683f015c9c101129dacb1ff23ac1e4c1fe9ca8f735ffd, Expected Public Key: 141a45aefb99516cb43683f015c9c101129dacb1ff23ac1e4c1fe9ca8f735ffd
2025-05-12 14:08:50,255 - INFO - Bit: 0, Public Hash: c71909199ac86197b99a4e7c477f81310522681e8153caf7b015afa7b6a14255, Expected Public Key: c71909199ac86197b99a4e7c477f81310522681e8153caf7b015afa7b6a14255
2025-05-12 14:08:50,255 - INFO - Bit: 1, Public Hash: 4f3cca875d249b8ee5224a24b181316fa220ee30816990c3828aa5c32df74b3d, Expected Public Key: 4f3cca875d249b8ee5224a24b181316fa220ee30816990c3828aa5c32df74b3d
2025-05-12 14:08:50,255 - INFO - Bit: 0, Public Hash: 565f81f135b435f1d1401bd0b13b76c8a39d2fbaab5b597145638fc9a5ea1642, Expected Public Key: 565f81f135b435f1d1401bd0b13b76c8a39d2fbaab5b597145638fc9a5ea1642
2025-05-12 14:08:50,255 - INFO - Bit: 0, Public Hash: cb8f06c70aaf0488aa3ffba288398d941861ec145484b13bc9e892c243d0212a, Expected Public Key: cb8f06c70aaf0488aa3ffba288398d941861ec145484b13bc9e892c243d0212a
2025-05-12 14:08:50,255 - INFO - Bit: 0, Public Hash: 2530d7802791a480f7d4a0729fa11511df69b7bc428713a3994e44f6e71f4102, Expected Public Key: 2530d7802791a480f7d4a0729fa11511df69b7bc428713a3994e44f6e71f4102
2025-05-12 14:08:50,255 - INFO - Bit: 0, Public Hash: 102b89f087fd9f43895e7b18149bfa659fd52771d4d3e9e8c4c480f58a860ccf, Expected Public Key: 102b89f087fd9f43895e7b18149bfa659fd52771d4d3e9e8c4c480f58a860ccf
2025-05-12 14:08:50,255 - INFO - Bit: 1, Public Hash: 9e4c8d4ac52f5755faa8bd1faaf8e6d83e1457ca749f14f5af449a62c1a036ab, Expected Public Key: 9e4c8d4ac52f5755faa8bd1faaf8e6d83e1457ca749f14f5af449a62c1a036ab
2025-05-12 14:08:50,255 - INFO - Bit: 1, Public Hash: 34e6e6258203f4839b90dba0a49f39331fc8bd8c88b68ae8675f168a25afe07c, Expected Public Key: 34e6e6258203f4839b90dba0a49f39331fc8bd8c88b68ae8675f168a25afe07c
2025-05-12 14:08:50,255 - INFO - Bit: 1, Public Hash: 06fec5c5b61f7f782b900b40ace4b04939fba6bccaee673271945e33787d1cdc, Expected Public Key: 06fec5c5b61f7f782b900b40ace4b04939fba6bccaee673271945e33787d1cdc
2025-05-12 14:08:50,255 - INFO - Bit: 0, Public Hash: 787374dd55e5e8fe189d5a496e0cb801f9d2b3a99e85ebbb38c6816e1af57f51, Expected Public Key: 787374dd55e5e8fe189d5a496e0cb801f9d2b3a99e85ebbb38c6816e1af57f51
2025-05-12 14:08:50,255 - INFO - Bit: 1, Public Hash: 5ad0360467cf2c8055458694f3590c8bb0ef75d25f5b9bcecc8aba9a7b3b928b, Expected Public Key: 5ad0360467cf2c8055458694f3590c8bb0ef75d25f5b9bcecc8aba9a7b3b928b
2025-05-12 14:08:50,255 - INFO - Bit: 1, Public Hash: c260aef590b260ca081c4cde36d4401ad60dd7d932c85fc3c8fd2d38aac967f7, Expected Public Key: c260aef590b260ca081c4cde36d4401ad60dd7d932c85fc3c8fd2d38aac967f7
2025-05-12 14:08:50,255 - INFO - Bit: 1, Public Hash: 36dbd7ee813067864e57bd585ce0f06d349dbbde701285eb87646696cac39ff1, Expected Public Key: 36dbd7ee813067864e57bd585ce0f06d349dbbde701285eb87646696cac39ff1
2025-05-12 14:08:50,255 - INFO - Bit: 1, Public Hash: e8e88c5cdd52eb8ca5dee499ea1e401f95e231e13f69dd945057032e580ec1ad, Expected Public Key: e8e88c5cdd52eb8ca5dee499ea1e401f95e231e13f69dd945057032e580ec1ad
2025-05-12 14:08:50,255 - INFO - Bit: 1, Public Hash: 1848eb6bee4381148a083a4f83785c6a4f19a26d9b656d64ef24ff4f844e5b9e, Expected Public Key: 1848eb6bee4381148a083a4f83785c6a4f19a26d9b656d64ef24ff4f844e5b9e
2025-05-12 14:08:50,255 - INFO - Bit: 0, Public Hash: 8e0a29bd0108e9578a7475f273eb11ea332a2e563083b696f79af3344f0a1768, Expected Public Key: 8e0a29bd0108e9578a7475f273eb11ea332a2e563083b696f79af3344f0a1768
2025-05-12 14:08:50,255 - INFO - Bit: 0, Public Hash: 187b4367888cd2e9e1ed53854f105c36bb381bbd35dea1c6ae4061a5b4536520, Expected Public Key: 187b4367888cd2e9e1ed53854f105c36bb381bbd35dea1c6ae4061a5b4536520
2025-05-12 14:08:50,255 - INFO - Bit: 1, Public Hash: 8b0aaa8ee4f733ffa46545841512516abc4acc9ee81a50d78af1c761a0c94147, Expected Public Key: 8b0aaa8ee4f733ffa46545841512516abc4acc9ee81a50d78af1c761a0c94147
2025-05-12 14:08:50,255 - INFO - Bit: 1, Public Hash: c0a69d2907e9cfddbdcd92c57331a79088206d946d0efea156230646d91af802, Expected Public Key: c0a69d2907e9cfddbdcd92c57331a79088206d946d0efea156230646d91af802
2025-05-12 14:08:50,255 - INFO - Bit: 1, Public Hash: 40b92bba96aa6eda519d5d6ec2bf8d7459204589b96da339dd3fa785868c2d86, Expected Public Key: 40b92bba96aa6eda519d5d6ec2bf8d7459204589b96da339dd3fa785868c2d86
2025-05-12 14:08:50,255 - INFO - Bit: 0, Public Hash: 757c527470894915478886085ab214030f8564e7428b9abe8ea32e82ef28d81e, Expected Public Key: 757c527470894915478886085ab214030f8564e7428b9abe8ea32e82ef28d81e
2025-05-12 14:08:50,255 - INFO - Bit: 1, Public Hash: 66875dc4abf41da5da539abfb6c69e78bc254e74a643ab38e49092044690d815, Expected Public Key: 66875dc4abf41da5da539abfb6c69e78bc254e74a643ab38e49092044690d815
2025-05-12 14:08:50,255 - INFO - Bit: 1, Public Hash: 07a0c0e0cffd2fbb5a09ec9448390a454e2b647a5d9b975b0891f9acd098c324, Expected Public Key: 07a0c0e0cffd2fbb5a09ec9448390a454e2b647a5d9b975b0891f9acd098c324
2025-05-12 14:08:50,255 - INFO - Bit: 0, Public Hash: 0648bbc373598817bec6e6dd3127bef961ab53159b88df2106c829a1f756c7f2, Expected Public Key: 0648bbc373598817bec6e6dd3127bef961ab53159b88df2106c829a1f756c7f2
2025-05-12 14:08:50,255 - INFO - Bit: 0, Public Hash: 7e14d9d7a34f071a266f8090b23dfe43ef7550f274008afafcdef4bd4f1b67a7, Expected Public Key: 7e14d9d7a34f071a266f8090b23dfe43ef7550f274008afafcdef4bd4f1b67a7
2025-05-12 14:08:50,255 - INFO - Bit: 1, Public Hash: bf78b6fd386960a15aae689eb9a104b570b7cfb5b4f596fd9d5d5358a4c1adc7, Expected Public Key: bf78b6fd386960a15aae689eb9a104b570b7cfb5b4f596fd9d5d5358a4c1adc7
2025-05-12 14:08:50,255 - INFO - Bit: 1, Public Hash: 6504ea713188962da66b0b65f9239d3e2342c9991a0baee93cd689e57f65a1c7, Expected Public Key: 6504ea713188962da66b0b65f9239d3e2342c9991a0baee93cd689e57f65a1c7
2025-05-12 14:08:50,255 - INFO - Bit: 1, Public Hash: c065e80ed01a6bbc5284e33a42f8af942ece203afdf555ee3a2eb4f52f39c94a, Expected Public Key: c065e80ed01a6bbc5284e33a42f8af942ece203afdf555ee3a2eb4f52f39c94a
2025-05-12 14:08:50,255 - INFO - Bit: 0, Public Hash: 337c2307ddbe476c746ac9a10ae55a19117e638995a006f337acde2d7e70b760, Expected Public Key: 337c2307ddbe476c746ac9a10ae55a19117e638995a006f337acde2d7e70b760
2025-05-12 14:08:50,255 - INFO - Bit: 1, Public Hash: 6e1e21734faa3d8f2cc71dd52b0c3611b0fc0e69ba6592992b9ef6ec96e34b83, Expected Public Key: 6e1e21734faa3d8f2cc71dd52b0c3611b0fc0e69ba6592992b9ef6ec96e34b83
2025-05-12 14:08:50,255 - INFO - Bit: 0, Public Hash: 08d88d60d15a3dd9e57891435193b6091f2c316ae5d68e57b0e90038bf5ea2b7, Expected Public Key: 08d88d60d15a3dd9e57891435193b6091f2c316ae5d68e57b0e90038bf5ea2b7
2025-05-12 14:08:50,255 - INFO - Bit: 0, Public Hash: 68bc46fd11322647494ef928b49e3584301d69c7b2099936580be602edf4c933, Expected Public Key: 68bc46fd11322647494ef928b49e3584301d69c7b2099936580be602edf4c933
2025-05-12 14:08:50,255 - INFO - Bit: 1, Public Hash: 2da429adf0823af1c67302221542ce4cb050ec3c84047efa37640920b9f74aef, Expected Public Key: 2da429adf0823af1c67302221542ce4cb050ec3c84047efa37640920b9f74aef
2025-05-12 14:08:50,255 - INFO - Bit: 1, Public Hash: 8daf57450725baca9603df40f8976ed5531f97c414d7418d0d0d9da5eaa16de5, Expected Public Key: 8daf57450725baca9603df40f8976ed5531f97c414d7418d0d0d9da5eaa16de5
2025-05-12 14:08:50,255 - INFO - Bit: 1, Public Hash: 6c353db4488dedac89201fedaa44ea661caf1632a350ec397144ab093a135f63, Expected Public Key: 6c353db4488dedac89201fedaa44ea661caf1632a350ec397144ab093a135f63
2025-05-12 14:08:50,255 - INFO - Bit: 1, Public Hash: 066dd018a2c74393ae0682ab66365308f36dc7f577559a892646351bf4dc16dd, Expected Public Key: 066dd018a2c74393ae0682ab66365308f36dc7f577559a892646351bf4dc16dd
2025-05-12 14:08:50,255 - INFO - Bit: 1, Public Hash: a688cca4956babfc6fa9cc8c7ce0c99d19bb73c7033a03daec0e36b5ddf29f7b, Expected Public Key: a688cca4956babfc6fa9cc8c7ce0c99d19bb73c7033a03daec0e36b5ddf29f7b
2025-05-12 14:08:50,270 - INFO - Bit: 1, Public Hash: 8b3bb8921fa695df8933cdc8f96ec232cf30f4382bb56931d61d01c59a4d76bd, Expected Public Key: 8b3bb8921fa695df8933cdc8f96ec232cf30f4382bb56931d61d01c59a4d76bd
2025-05-12 14:08:50,270 - INFO - Bit: 1, Public Hash: a262fbc7652434a506a1a78ca139f2d849cbb6bd1a804bf5fcef00a9a426c459, Expected Public Key: a262fbc7652434a506a1a78ca139f2d849cbb6bd1a804bf5fcef00a9a426c459
2025-05-12 14:08:50,270 - INFO - Bit: 1, Public Hash: f62573299e884f86a50b64fe204638e98391107a898ad6b4b43f5c7ae8607b78, Expected Public Key: f62573299e884f86a50b64fe204638e98391107a898ad6b4b43f5c7ae8607b78
2025-05-12 14:08:50,270 - INFO - Bit: 1, Public Hash: fa7872016068a038980897912e46d12365655ccefc63b331e5461ce2498e90ad, Expected Public Key: fa7872016068a038980897912e46d12365655ccefc63b331e5461ce2498e90ad
2025-05-12 14:08:50,270 - INFO - Bit: 0, Public Hash: 8259af047e26a0aaedc0adca2a8cb8c25a50002ada4456556920c65f8200511e, Expected Public Key: 8259af047e26a0aaedc0adca2a8cb8c25a50002ada4456556920c65f8200511e
2025-05-12 14:08:50,270 - INFO - Bit: 0, Public Hash: 078ec48ac5fd16c60b9f124f6a070497a4ce32f7885e6156a3055605f3508bf4, Expected Public Key: 078ec48ac5fd16c60b9f124f6a070497a4ce32f7885e6156a3055605f3508bf4
2025-05-12 14:08:50,271 - INFO - Bit: 0, Public Hash: b4e18310885da6459437614050fea5a153b75caf5e13e2004ca07b4854ee7e6d, Expected Public Key: b4e18310885da6459437614050fea5a153b75caf5e13e2004ca07b4854ee7e6d
2025-05-12 14:08:50,271 - INFO - Bit: 1, Public Hash: 90e777d929ad61d0ff0edc27a923442dfe7363ee96e72055da451e71907d6526, Expected Public Key: 90e777d929ad61d0ff0edc27a923442dfe7363ee96e72055da451e71907d6526
2025-05-12 14:08:50,271 - INFO - Bit: 0, Public Hash: c76719b30a0d4a4ecab9a814d36e9c9352e884d2cefc1ba98648929c7e10e969, Expected Public Key: c76719b30a0d4a4ecab9a814d36e9c9352e884d2cefc1ba98648929c7e10e969
2025-05-12 14:08:50,271 - INFO - Bit: 1, Public Hash: 6ebf6df3c7ee14b2117990eb492b272ebcfbf1ce6dcabda0d57693d56468496d, Expected Public Key: 6ebf6df3c7ee14b2117990eb492b272ebcfbf1ce6dcabda0d57693d56468496d
2025-05-12 14:08:50,271 - INFO - Bit: 0, Public Hash: 87991cd96d20c07c3e88da50908494b78d1e3168833d05f8639027702bdfcf91, Expected Public Key: 87991cd96d20c07c3e88da50908494b78d1e3168833d05f8639027702bdfcf91
2025-05-12 14:08:50,271 - INFO - Bit: 1, Public Hash: 6776eefac88f86f88f056def78b5f36ec7ceae3bd1f5e59d1a5b6710f451d639, Expected Public Key: 6776eefac88f86f88f056def78b5f36ec7ceae3bd1f5e59d1a5b6710f451d639
2025-05-12 14:08:50,271 - INFO - Bit: 1, Public Hash: b54c0d14d61bf3bfdc89f036626dc71cd2170943de32efe6cb2fab7933904213, Expected Public Key: b54c0d14d61bf3bfdc89f036626dc71cd2170943de32efe6cb2fab7933904213
2025-05-12 14:08:50,271 - INFO - Bit: 1, Public Hash: 74a1a0715f304a1ca652a301426ab53f8f1aa852377a354491fd5c119a9c9f9a, Expected Public Key: 74a1a0715f304a1ca652a301426ab53f8f1aa852377a354491fd5c119a9c9f9a
2025-05-12 14:08:50,271 - INFO - Bit: 1, Public Hash: aff0ad6f9496e62dfb6cb79df7d2bab4d3de88f692f85fc7d280ac09c4c8069a, Expected Public Key: aff0ad6f9496e62dfb6cb79df7d2bab4d3de88f692f85fc7d280ac09c4c8069a
2025-05-12 14:08:50,271 - INFO - Bit: 0, Public Hash: 638556f8b5546a4366743f02dbfbc8b21337fece38abb0a4b5608a508122b3d7, Expected Public Key: 638556f8b5546a4366743f02dbfbc8b21337fece38abb0a4b5608a508122b3d7
2025-05-12 14:08:50,271 - INFO - Bit: 1, Public Hash: 325ff111ecb9748f5270d985887449f527d4c3c1ef056147119b11e15ef2b5ed, Expected Public Key: 325ff111ecb9748f5270d985887449f527d4c3c1ef056147119b11e15ef2b5ed
2025-05-12 14:08:50,271 - INFO - Bit: 0, Public Hash: bce58e73d6de770677719e3a20e02233a84c9588eb3f061060a8d20f0eced76c, Expected Public Key: bce58e73d6de770677719e3a20e02233a84c9588eb3f061060a8d20f0eced76c
2025-05-12 14:08:50,271 - INFO - Bit: 1, Public Hash: a71f497fc7cbf5e99c1d869895bde9a9eb21f65e602a2218c0c6a0d757df5d46, Expected Public Key: a71f497fc7cbf5e99c1d869895bde9a9eb21f65e602a2218c0c6a0d757df5d46
2025-05-12 14:08:50,271 - INFO - Bit: 0, Public Hash: bd80c7965546ee4c40dbf74783217386bb472bcc34344c1f0ec6d1b379a5ccfb, Expected Public Key: bd80c7965546ee4c40dbf74783217386bb472bcc34344c1f0ec6d1b379a5ccfb
2025-05-12 14:08:50,271 - INFO - Bit: 0, Public Hash: 5b59c66f428f949eccbfb7ae830f5900a4cc2c65a0efb72937d9af09700cced6, Expected Public Key: 5b59c66f428f949eccbfb7ae830f5900a4cc2c65a0efb72937d9af09700cced6
2025-05-12 14:08:50,271 - INFO - Bit: 1, Public Hash: 1c37f085d92556bf43f96662d84c78fa5e04b7d25bacf2c7d263ef2af908d5b4, Expected Public Key: 1c37f085d92556bf43f96662d84c78fa5e04b7d25bacf2c7d263ef2af908d5b4
2025-05-12 14:08:50,271 - INFO - Bit: 0, Public Hash: b7d7db1301f5d31a9323b93d3ec6b77f31d7997c2dce64db4d9e8b691ebdf866, Expected Public Key: b7d7db1301f5d31a9323b93d3ec6b77f31d7997c2dce64db4d9e8b691ebdf866
2025-05-12 14:08:50,271 - INFO - Bit: 0, Public Hash: 6a9905bda61584ac3195d51fdd6fdbb43ed2771e81beefdb592cf1bc51c4b25f, Expected Public Key: 6a9905bda61584ac3195d51fdd6fdbb43ed2771e81beefdb592cf1bc51c4b25f
2025-05-12 14:08:50,271 - INFO - Bit: 0, Public Hash: b0fe5b37600fececdf39521d192f52c34e0cf578e188d684471b6a91ef0eef7b, Expected Public Key: b0fe5b37600fececdf39521d192f52c34e0cf578e188d684471b6a91ef0eef7b
2025-05-12 14:08:50,272 - INFO - Bit: 0, Public Hash: 650cf3ef75981b67a4279d3a108a8b77a6473912d8a36c3c43fa80a3b0725366, Expected Public Key: 650cf3ef75981b67a4279d3a108a8b77a6473912d8a36c3c43fa80a3b0725366
2025-05-12 14:08:50,272 - INFO - Bit: 0, Public Hash: 2eee2575bc004c572db0a98bcc3ff8a4ab7728078c69966adc7adf4fa14f9f61, Expected Public Key: 2eee2575bc004c572db0a98bcc3ff8a4ab7728078c69966adc7adf4fa14f9f61
2025-05-12 14:08:50,272 - INFO - Bit: 1, Public Hash: e3e601c2835202b95f6c0fa0529dabcbab3be036318826873c1a1b3c631a1898, Expected Public Key: e3e601c2835202b95f6c0fa0529dabcbab3be036318826873c1a1b3c631a1898
2025-05-12 14:08:50,272 - INFO - Bit: 1, Public Hash: 5c4e121d7a5baedc27dcba064fc9ce784d889d0bf8ff7eb32fa3c51cffb6a79f, Expected Public Key: 5c4e121d7a5baedc27dcba064fc9ce784d889d0bf8ff7eb32fa3c51cffb6a79f
2025-05-12 14:08:50,272 - INFO - Bit: 0, Public Hash: c4ab0aa669ab3aae6fd6077ca7605ccb8c2d2f47cd476868f134dabf058552d4, Expected Public Key: c4ab0aa669ab3aae6fd6077ca7605ccb8c2d2f47cd476868f134dabf058552d4
2025-05-12 14:08:50,272 - INFO - Bit: 1, Public Hash: bb631dd1f9582fe2a27f5219a96472a5b3594a5f2a16d082f3144e02e02a8b27, Expected Public Key: bb631dd1f9582fe2a27f5219a96472a5b3594a5f2a16d082f3144e02e02a8b27
2025-05-12 14:08:50,272 - INFO - Bit: 1, Public Hash: 1f5654116b6c21499e4ff504aac6eaf0d3e639044d9e926fb8d78d151acee4cd, Expected Public Key: 1f5654116b6c21499e4ff504aac6eaf0d3e639044d9e926fb8d78d151acee4cd
2025-05-12 14:08:50,272 - INFO - Bit: 1, Public Hash: c1591fb47dc9d820365baa5f40781aedcb248447112117afc971e358a748e003, Expected Public Key: c1591fb47dc9d820365baa5f40781aedcb248447112117afc971e358a748e003
2025-05-12 14:08:50,272 - INFO - Bit: 1, Public Hash: cf3c8837d8a2bf51a29eec90626e3e240497da2d49401f97c74cbe8788fdcf23, Expected Public Key: cf3c8837d8a2bf51a29eec90626e3e240497da2d49401f97c74cbe8788fdcf23
2025-05-12 14:08:50,272 - INFO - Bit: 1, Public Hash: 97436a052faf57814a3aae7db72fe2b516e5475df58b8dfccd92785264862c87, Expected Public Key: 97436a052faf57814a3aae7db72fe2b516e5475df58b8dfccd92785264862c87
2025-05-12 14:08:50,272 - INFO - Bit: 1, Public Hash: 6c743d9f53be8d9425911794851024050c9eba8a0f5c7f5a71d8896e6543268a, Expected Public Key: 6c743d9f53be8d9425911794851024050c9eba8a0f5c7f5a71d8896e6543268a
2025-05-12 14:08:50,272 - INFO - Bit: 0, Public Hash: f7eae86ba28d17230bf961b524bda624f11889ca5e1365478df9b4d7eee3f2ee, Expected Public Key: f7eae86ba28d17230bf961b524bda624f11889ca5e1365478df9b4d7eee3f2ee
2025-05-12 14:08:50,272 - INFO - Bit: 1, Public Hash: 8d8299cac91309b98d1ca9384579eb73c38bdb1f35863eeb38c109b7abec5a50, Expected Public Key: 8d8299cac91309b98d1ca9384579eb73c38bdb1f35863eeb38c109b7abec5a50
2025-05-12 14:08:50,272 - INFO - Bit: 1, Public Hash: dd6b03f718981c33ddc5792d032e64d506c7ef2ce40f99fe8ce6024a1c97edbe, Expected Public Key: dd6b03f718981c33ddc5792d032e64d506c7ef2ce40f99fe8ce6024a1c97edbe
2025-05-12 14:08:50,272 - INFO - Bit: 0, Public Hash: 7e1ed44d5655158d3c2c083684fcf80f606dd77ff6d9d643f56a6531d51546f4, Expected Public Key: 7e1ed44d5655158d3c2c083684fcf80f606dd77ff6d9d643f56a6531d51546f4
2025-05-12 14:08:50,272 - INFO - Bit: 1, Public Hash: 8ad161e6ce66ecff3593ed9860ed7d34ac720b4149f167bc106426ef2688fcb5, Expected Public Key: 8ad161e6ce66ecff3593ed9860ed7d34ac720b4149f167bc106426ef2688fcb5
2025-05-12 14:08:50,272 - INFO - Bit: 0, Public Hash: 8536d7c0dc8a1e65113b92c6e06594b7d7072d6e1bb44b3b50f29b49aada8704, Expected Public Key: 8536d7c0dc8a1e65113b92c6e06594b7d7072d6e1bb44b3b50f29b49aada8704
2025-05-12 14:08:50,272 - INFO - Bit: 0, Public Hash: 2738c270bcb6ef836cd4278d0d581dbc31e9d45da5969fd65224c445e61340ce, Expected Public Key: 2738c270bcb6ef836cd4278d0d581dbc31e9d45da5969fd65224c445e61340ce
2025-05-12 14:08:50,272 - INFO - Bit: 1, Public Hash: 5a6610621a6242e76b7fb1729e12c77fddfc000b547dc11124ab328e704ef07a, Expected Public Key: 5a6610621a6242e76b7fb1729e12c77fddfc000b547dc11124ab328e704ef07a
2025-05-12 14:08:50,273 - INFO - Bit: 0, Public Hash: 678dd70862ae3fa76fc44c80a47eed3e87bf2231338a48e2a9203a7e617550c2, Expected Public Key: 678dd70862ae3fa76fc44c80a47eed3e87bf2231338a48e2a9203a7e617550c2
2025-05-12 14:08:50,273 - INFO - Bit: 1, Public Hash: 300739829f2491c34e372171d62e1674f3450e1c2271cbe0804c3c36a560edfc, Expected Public Key: 300739829f2491c34e372171d62e1674f3450e1c2271cbe0804c3c36a560edfc
2025-05-12 14:08:50,273 - INFO - Bit: 1, Public Hash: 57479cdeed3371979599b795cfda3f51c5519ff89401687f86a98fab811ab3e4, Expected Public Key: 57479cdeed3371979599b795cfda3f51c5519ff89401687f86a98fab811ab3e4
2025-05-12 14:08:50,273 - INFO - Bit: 0, Public Hash: 2f3105a8aa986fbb0e26f6885501aaaca09d3482ab0588c4bbf3a518eab9eed4, Expected Public Key: 2f3105a8aa986fbb0e26f6885501aaaca09d3482ab0588c4bbf3a518eab9eed4
2025-05-12 14:08:50,273 - INFO - Bit: 1, Public Hash: edb2e40150b8e6d8e67dcde0ef4e32420ce541ef4effbe7ee13d430f19bed6bb, Expected Public Key: edb2e40150b8e6d8e67dcde0ef4e32420ce541ef4effbe7ee13d430f19bed6bb
2025-05-12 14:08:50,273 - INFO - Bit: 0, Public Hash: 6891524f115f3b4c09a67b9016a1c7a2cc6d0f4214801607aa5cb5fbb6b34eee, Expected Public Key: 6891524f115f3b4c09a67b9016a1c7a2cc6d0f4214801607aa5cb5fbb6b34eee
2025-05-12 14:08:50,273 - INFO - Bit: 0, Public Hash: 837c5e8219d65287c33f7cc17b768ca94c6833a76077250c9853f7ad8d69cebb, Expected Public Key: 837c5e8219d65287c33f7cc17b768ca94c6833a76077250c9853f7ad8d69cebb
2025-05-12 14:08:50,273 - INFO - Bit: 0, Public Hash: 8571280f03ced7da2e50f55eec60172903cacadc83ed39a455cc976d6642dde9, Expected Public Key: 8571280f03ced7da2e50f55eec60172903cacadc83ed39a455cc976d6642dde9
2025-05-12 14:08:50,273 - INFO - Bit: 1, Public Hash: 698ffbcd978320057be0aa7f82423d3b1816cb3b9aaf76fcc747124766c53d43, Expected Public Key: 698ffbcd978320057be0aa7f82423d3b1816cb3b9aaf76fcc747124766c53d43
2025-05-12 14:08:50,273 - INFO - Bit: 0, Public Hash: 402d3266e56f3a62479e1e3340a0bb1c05066865221a3c48938d581e0a948bf8, Expected Public Key: 402d3266e56f3a62479e1e3340a0bb1c05066865221a3c48938d581e0a948bf8
2025-05-12 14:08:50,273 - INFO - Bit: 0, Public Hash: 812101ef5891b9b6f5dc807bf2a8072f7e9328ab0a3567220734aa9f7028cd5d, Expected Public Key: 812101ef5891b9b6f5dc807bf2a8072f7e9328ab0a3567220734aa9f7028cd5d
2025-05-12 14:08:50,274 - INFO - Bit: 0, Public Hash: bf58dd5db334291920af045667cd082eeb1169fbbbae8dcfcc256a19fd25b415, Expected Public Key: bf58dd5db334291920af045667cd082eeb1169fbbbae8dcfcc256a19fd25b415
2025-05-12 14:08:50,274 - INFO - Bit: 0, Public Hash: f8b3d1fa86e92c8e6a667adb7f1ae93fa4c7ac9c956c657fef39c0aa691bb536, Expected Public Key: f8b3d1fa86e92c8e6a667adb7f1ae93fa4c7ac9c956c657fef39c0aa691bb536
2025-05-12 14:08:50,274 - INFO - Bit: 0, Public Hash: 6de2054537bcc64d1c968df0badbfefee75417c8b84094df1c7a36af0f3edea3, Expected Public Key: 6de2054537bcc64d1c968df0badbfefee75417c8b84094df1c7a36af0f3edea3
2025-05-12 14:08:50,274 - INFO - Bit: 1, Public Hash: 383f3dd93a9c6ae88f00609384d9010f79ec5ab42216c8d7c88f1fdbf96baeb8, Expected Public Key: 383f3dd93a9c6ae88f00609384d9010f79ec5ab42216c8d7c88f1fdbf96baeb8
2025-05-12 14:08:50,274 - INFO - Bit: 1, Public Hash: d290a009591880769be080481942af7f2bf32615c2da057883dbb2aae85a3c26, Expected Public Key: d290a009591880769be080481942af7f2bf32615c2da057883dbb2aae85a3c26
2025-05-12 14:08:50,274 - INFO - Bit: 0, Public Hash: 40f587901b6923124a01b5eb47f6133e4ecbb42dac4493b376918895496ad800, Expected Public Key: 40f587901b6923124a01b5eb47f6133e4ecbb42dac4493b376918895496ad800
2025-05-12 14:08:50,274 - INFO - Bit: 0, Public Hash: 8f1fa4939ede6ad889c3e0b217dec8a07b99ced460a36651be120dd828bf729f, Expected Public Key: 8f1fa4939ede6ad889c3e0b217dec8a07b99ced460a36651be120dd828bf729f
2025-05-12 14:08:50,274 - INFO - Bit: 0, Public Hash: 2f2fafb00546841d4658d715f35df03648d0a6e4409903c1d55dbd05cce7ae3f, Expected Public Key: 2f2fafb00546841d4658d715f35df03648d0a6e4409903c1d55dbd05cce7ae3f
2025-05-12 14:08:50,274 - INFO - Bit: 1, Public Hash: ff30b076ed09675f3e7fe3689fcce9aa82d1698173af75d9987dd676555c0963, Expected Public Key: ff30b076ed09675f3e7fe3689fcce9aa82d1698173af75d9987dd676555c0963
2025-05-12 14:08:50,274 - INFO - Bit: 1, Public Hash: 6dfe37fa1ba0b0d7110fc86bf70ce763ef2492760b769eec4a39342b371fc6c0, Expected Public Key: 6dfe37fa1ba0b0d7110fc86bf70ce763ef2492760b769eec4a39342b371fc6c0
2025-05-12 14:08:50,274 - INFO - Bit: 1, Public Hash: ca23a9f02df11eaf07ff2ce55d4926c3bb7407e7694d1bb4744684c6598ae4e2, Expected Public Key: ca23a9f02df11eaf07ff2ce55d4926c3bb7407e7694d1bb4744684c6598ae4e2
2025-05-12 14:08:50,274 - INFO - Bit: 0, Public Hash: 60f90f336d3397ccc4cdabaa2093136015fe01d3c13074c4d9c7fe7817f703d0, Expected Public Key: 60f90f336d3397ccc4cdabaa2093136015fe01d3c13074c4d9c7fe7817f703d0
2025-05-12 14:08:50,274 - INFO - Bit: 0, Public Hash: b4929e422152df54141d37967fb54997c35eab9511d9f40715b39ff5d06c049d, Expected Public Key: b4929e422152df54141d37967fb54997c35eab9511d9f40715b39ff5d06c049d
2025-05-12 14:08:50,274 - INFO - Bit: 1, Public Hash: f5112571e4cef6aacdb5a6b1f9e99aa94a8b539051eb9430b908505f51052bca, Expected Public Key: f5112571e4cef6aacdb5a6b1f9e99aa94a8b539051eb9430b908505f51052bca
2025-05-12 14:08:50,274 - INFO - Bit: 1, Public Hash: 6a72b3d18dc8ed090a6fe76f420ef017e18e3dddc4ab18023a5260b1a82bdecd, Expected Public Key: 6a72b3d18dc8ed090a6fe76f420ef017e18e3dddc4ab18023a5260b1a82bdecd
2025-05-12 14:08:50,274 - INFO - Bit: 0, Public Hash: 1b75f53a4a8ce38b98a287e83c8cabb110822da4606b40a7bcbd1a3145d62bfd, Expected Public Key: 1b75f53a4a8ce38b98a287e83c8cabb110822da4606b40a7bcbd1a3145d62bfd
2025-05-12 14:08:50,274 - INFO - Bit: 0, Public Hash: db1e29eae126f55336500e6c2c9a2d4541e88f12b15f86a65688ebac1ab65a72, Expected Public Key: db1e29eae126f55336500e6c2c9a2d4541e88f12b15f86a65688ebac1ab65a72
2025-05-12 14:08:50,274 - INFO - Bit: 0, Public Hash: 8226f6323514900f10d05d540ee5db7b792fe4ecfaab2c7076aed14b3f865703, Expected Public Key: 8226f6323514900f10d05d540ee5db7b792fe4ecfaab2c7076aed14b3f865703
2025-05-12 14:08:50,274 - INFO - Bit: 0, Public Hash: e60f4b1e430caf536cbd4a5e5cfe4bea350257112e31bfcafc4bd7a4766c7e36, Expected Public Key: e60f4b1e430caf536cbd4a5e5cfe4bea350257112e31bfcafc4bd7a4766c7e36
2025-05-12 14:08:50,274 - INFO - Bit: 1, Public Hash: e9138af3e3c99cc426068b98f18b8784cc68194c8023f6fa230fcf30753bbaa6, Expected Public Key: e9138af3e3c99cc426068b98f18b8784cc68194c8023f6fa230fcf30753bbaa6
2025-05-12 14:08:50,274 - INFO - Bit: 0, Public Hash: be263a2f0afe3c00f7afcb23c05cb7a4cfc54093572471f8a7d3707cb4dca8b2, Expected Public Key: be263a2f0afe3c00f7afcb23c05cb7a4cfc54093572471f8a7d3707cb4dca8b2
2025-05-12 14:08:50,274 - INFO - Bit: 1, Public Hash: 01c2e4be91090cd4b504ff5f284ff577fe04670b637bc5bd8c2ec5a4b19247f6, Expected Public Key: 01c2e4be91090cd4b504ff5f284ff577fe04670b637bc5bd8c2ec5a4b19247f6
2025-05-12 14:08:50,274 - INFO - Bit: 1, Public Hash: 88ea86b9646765063bc55c4bb8cf90008d6d81295e62d0de91b2af422456775f, Expected Public Key: 88ea86b9646765063bc55c4bb8cf90008d6d81295e62d0de91b2af422456775f
2025-05-12 14:08:50,274 - INFO - Bit: 0, Public Hash: f773ef5c40eb606796a600aa6eae2c3931e359be46841133480871ea3325f5b3, Expected Public Key: f773ef5c40eb606796a600aa6eae2c3931e359be46841133480871ea3325f5b3
2025-05-12 14:08:50,274 - INFO - Bit: 1, Public Hash: 47f5c8b8f464a1f719099be5fec164128cfd31fa212f473b9004aeaf03afb0d8, Expected Public Key: 47f5c8b8f464a1f719099be5fec164128cfd31fa212f473b9004aeaf03afb0d8
2025-05-12 14:08:50,274 - INFO - Bit: 1, Public Hash: b2321ea7609e32957e725849021c4b57a5ef965b5fb17368f84c648ff1b13871, Expected Public Key: b2321ea7609e32957e725849021c4b57a5ef965b5fb17368f84c648ff1b13871
2025-05-12 14:08:50,274 - INFO - Bit: 0, Public Hash: 139618287d1e145975a886c04e5cd2b35dde36b406b32fa1827ad441c1ce90ba, Expected Public Key: 139618287d1e145975a886c04e5cd2b35dde36b406b32fa1827ad441c1ce90ba
2025-05-12 14:08:50,274 - INFO - Bit: 1, Public Hash: 6e6eae858d47549807ff8ba51c64d638418ab466c2a8064cfe2386f6ac10d363, Expected Public Key: 6e6eae858d47549807ff8ba51c64d638418ab466c2a8064cfe2386f6ac10d363
2025-05-12 14:08:50,274 - INFO - Bit: 1, Public Hash: 6bc48d208e40094b9831316409f5193c0c6b1272e81cffed9fa2b6e13f45f316, Expected Public Key: 6bc48d208e40094b9831316409f5193c0c6b1272e81cffed9fa2b6e13f45f316
2025-05-12 14:08:50,274 - INFO - Bit: 0, Public Hash: ae19776b70051b459aca91de5c9147b9715dc6109860685ad2734ff569dd107a, Expected Public Key: ae19776b70051b459aca91de5c9147b9715dc6109860685ad2734ff569dd107a
2025-05-12 14:08:50,274 - INFO - Bit: 1, Public Hash: 4e1b37cd95e26e7e34a7d704ef71bb183169a047b2a4d42e8c4c648dd2b10a36, Expected Public Key: 4e1b37cd95e26e7e34a7d704ef71bb183169a047b2a4d42e8c4c648dd2b10a36
2025-05-12 14:08:50,274 - INFO - Bit: 0, Public Hash: 1dccee001d7138bb1422b7b00f33fc1dfa5c0c00aee5f07be4acbbca11d6b837, Expected Public Key: 1dccee001d7138bb1422b7b00f33fc1dfa5c0c00aee5f07be4acbbca11d6b837
2025-05-12 14:08:50,274 - INFO - Bit: 1, Public Hash: 2476d86a3733958d321e639c265adc24abebf8b4052a9ed4fd3d3241a273176f, Expected Public Key: 2476d86a3733958d321e639c265adc24abebf8b4052a9ed4fd3d3241a273176f
2025-05-12 14:08:50,274 - INFO - Bit: 0, Public Hash: 02f83e98288cc55424cf7c4f86c9761a5bf8cc39a286391310f8feecd93751bb, Expected Public Key: 02f83e98288cc55424cf7c4f86c9761a5bf8cc39a286391310f8feecd93751bb
2025-05-12 14:08:50,274 - INFO - Bit: 1, Public Hash: 0024e7979af9a14b8596d5a45fbc0ad806d5b0281133927ab138408034cb6b72, Expected Public Key: 0024e7979af9a14b8596d5a45fbc0ad806d5b0281133927ab138408034cb6b72
2025-05-12 14:08:50,274 - INFO - Bit: 1, Public Hash: c7115433a0c837f0c347515a8c7d0eccaf4912a1cc4dc275e11b2b48e5a6bab9, Expected Public Key: c7115433a0c837f0c347515a8c7d0eccaf4912a1cc4dc275e11b2b48e5a6bab9
2025-05-12 14:08:50,274 - INFO - Bit: 1, Public Hash: 63940acb2929e63a60ba560cc617cce496bd86183f2cac339c4711a76b0b8c61, Expected Public Key: 63940acb2929e63a60ba560cc617cce496bd86183f2cac339c4711a76b0b8c61
2025-05-12 14:08:50,274 - INFO - Bit: 1, Public Hash: 8589f3fa297e980b8bbe3928feda2b50e91a4c967cb75240bc48cd1387e3ef59, Expected Public Key: 8589f3fa297e980b8bbe3928feda2b50e91a4c967cb75240bc48cd1387e3ef59
2025-05-12 14:08:50,274 - INFO - Bit: 1, Public Hash: b57932547ee787836c26cedc709e96b2948bc705515a0d1ed2bd4a6ae01cc56e, Expected Public Key: b57932547ee787836c26cedc709e96b2948bc705515a0d1ed2bd4a6ae01cc56e
2025-05-12 14:08:50,274 - INFO - Bit: 0, Public Hash: 3493886ecfc4e3bff2c0ba6f9477ca830b66528d02e15cbd57e321f7e6010ddd, Expected Public Key: 3493886ecfc4e3bff2c0ba6f9477ca830b66528d02e15cbd57e321f7e6010ddd
2025-05-12 14:08:50,274 - INFO - Bit: 0, Public Hash: 847dbe44e44a4758638d6b9cfa014f77d2fe67a9fea59fa719cef57727359d7c, Expected Public Key: 847dbe44e44a4758638d6b9cfa014f77d2fe67a9fea59fa719cef57727359d7c
2025-05-12 14:08:50,274 - INFO - Bit: 1, Public Hash: 705dae701f220790a5b117c7ec0ed62a73c5398a57b8db2ef359f73b83c48baa, Expected Public Key: 705dae701f220790a5b117c7ec0ed62a73c5398a57b8db2ef359f73b83c48baa
2025-05-12 14:08:50,274 - INFO - Bit: 0, Public Hash: c1adf88fcf4d1e2125f8cc806eac45ea29d258e832f737b3cc4b0f9f8b1eb8dd, Expected Public Key: c1adf88fcf4d1e2125f8cc806eac45ea29d258e832f737b3cc4b0f9f8b1eb8dd
2025-05-12 14:08:50,274 - INFO - Bit: 1, Public Hash: 55c9f4e688add47e9587c89bdf7683744322f4b0ba9df5b44ddb3030a3017b9d, Expected Public Key: 55c9f4e688add47e9587c89bdf7683744322f4b0ba9df5b44ddb3030a3017b9d
2025-05-12 14:08:50,274 - INFO - Bit: 0, Public Hash: a10d8a5a618793847c2eaf316d2f172a54307a00404b4a4b5a320f7883b4ebb8, Expected Public Key: a10d8a5a618793847c2eaf316d2f172a54307a00404b4a4b5a320f7883b4ebb8
2025-05-12 14:08:50,274 - INFO - Bit: 0, Public Hash: a723178e4e74b3fced9450d1e99a2958fc658e719ecd0d31428eed7e09792d1c, Expected Public Key: a723178e4e74b3fced9450d1e99a2958fc658e719ecd0d31428eed7e09792d1c
2025-05-12 14:08:50,274 - INFO - Bit: 1, Public Hash: ba5da2884eea4f0f26d0f0c17e1681fc1e44fc33200c0d90f116d77741dd8117, Expected Public Key: ba5da2884eea4f0f26d0f0c17e1681fc1e44fc33200c0d90f116d77741dd8117
2025-05-12 14:08:50,274 - INFO - Bit: 1, Public Hash: 189605f0c33be6afd6928760ed3ae0e0b4c3ef43a85f0ac0bb395cec8a59066c, Expected Public Key: 189605f0c33be6afd6928760ed3ae0e0b4c3ef43a85f0ac0bb395cec8a59066c
2025-05-12 14:08:50,274 - INFO - Bit: 0, Public Hash: b4e0a80e2004e74be36e455e94239672e6a9cd2d4d9475eb7a57259e572be167, Expected Public Key: b4e0a80e2004e74be36e455e94239672e6a9cd2d4d9475eb7a57259e572be167
2025-05-12 14:08:50,274 - INFO - Bit: 0, Public Hash: 756563848faccc730a881b1098f8e3e2c1351f789ebf7d919f55180612f8fb2d, Expected Public Key: 756563848faccc730a881b1098f8e3e2c1351f789ebf7d919f55180612f8fb2d
2025-05-12 14:08:50,274 - INFO - Bit: 0, Public Hash: 7098a21095367fb7fb264849fe0218bae41f544b6680bc3888f7c0b72a4eb438, Expected Public Key: 7098a21095367fb7fb264849fe0218bae41f544b6680bc3888f7c0b72a4eb438
2025-05-12 14:08:50,274 - INFO - Bit: 0, Public Hash: 90bee27c2afcefce66f5da387b0fe33e265d0392cc40ffade1ad1babeafa1c6c, Expected Public Key: 90bee27c2afcefce66f5da387b0fe33e265d0392cc40ffade1ad1babeafa1c6c
2025-05-12 14:08:50,274 - INFO - Bit: 1, Public Hash: 6d7c901b7715907ef75ae8f443879efa48c32cf5b0b835d9a3907ef1d91bc9d2, Expected Public Key: 6d7c901b7715907ef75ae8f443879efa48c32cf5b0b835d9a3907ef1d91bc9d2
2025-05-12 14:08:50,274 - INFO - Bit: 1, Public Hash: d6ecdf6bf0f9e2023909b1485467ac891d59dd8197c22d70844d02fab7b21c2b, Expected Public Key: d6ecdf6bf0f9e2023909b1485467ac891d59dd8197c22d70844d02fab7b21c2b
2025-05-12 14:08:50,274 - INFO - Bit: 1, Public Hash: 80c7bc8d1b2fe96a3ea4c064c527f8ce6cec74cbbcf91ec942e724fb59d62b10, Expected Public Key: 80c7bc8d1b2fe96a3ea4c064c527f8ce6cec74cbbcf91ec942e724fb59d62b10
2025-05-12 14:08:50,274 - INFO - Bit: 1, Public Hash: 93192286ca74d5e2eac8cd94d9af3a3a6a9ed6ecc2e12ab2e5b38325c2324397, Expected Public Key: 93192286ca74d5e2eac8cd94d9af3a3a6a9ed6ecc2e12ab2e5b38325c2324397
2025-05-12 14:08:50,274 - INFO - Bit: 0, Public Hash: df84b62af49b7c0287bac6f00e73df7e7f74505f1e161405ddf22d397093d73d, Expected Public Key: df84b62af49b7c0287bac6f00e73df7e7f74505f1e161405ddf22d397093d73d
2025-05-12 14:08:50,274 - INFO - Bit: 0, Public Hash: 743146f4428a9824bd9cf4225209ea18079edd4adad6bac8b16578a245bc0600, Expected Public Key: 743146f4428a9824bd9cf4225209ea18079edd4adad6bac8b16578a245bc0600
2025-05-12 14:08:50,274 - INFO - Bit: 0, Public Hash: 9f7adc5211f26d33fcdacb87c2f1afdf6bcd2049b5a8c3746ad1c15630bdf83f, Expected Public Key: 9f7adc5211f26d33fcdacb87c2f1afdf6bcd2049b5a8c3746ad1c15630bdf83f
2025-05-12 14:08:50,274 - INFO - Bit: 1, Public Hash: 556df5bfe900b1e8e716b7b5e0171c7ef69a37abc7fe22b329af9c98b0c036dd, Expected Public Key: 556df5bfe900b1e8e716b7b5e0171c7ef69a37abc7fe22b329af9c98b0c036dd
2025-05-12 14:08:50,274 - INFO - Bit: 0, Public Hash: 59ff44ddf797bb27bbf964582e4bca9aa7545df33c6a7d5335beebb1abc0133c, Expected Public Key: 59ff44ddf797bb27bbf964582e4bca9aa7545df33c6a7d5335beebb1abc0133c
2025-05-12 14:08:50,274 - INFO - Bit: 1, Public Hash: 8ad7c47070fd089665ffd1bdca72eba7200ef31f17b7f0f10b313f53e4d71d47, Expected Public Key: 8ad7c47070fd089665ffd1bdca72eba7200ef31f17b7f0f10b313f53e4d71d47
2025-05-12 14:08:50,274 - INFO - Bit: 1, Public Hash: 02f3ec57064aa31c76b15a66a63da2085f54428354a6ddc35ae675440946d982, Expected Public Key: 02f3ec57064aa31c76b15a66a63da2085f54428354a6ddc35ae675440946d982
2025-05-12 14:08:50,274 - INFO - Bit: 0, Public Hash: db39ff47469ee92a586d4c3f4ea50bb8eee427fe8d23184a931e5dc209edb606, Expected Public Key: db39ff47469ee92a586d4c3f4ea50bb8eee427fe8d23184a931e5dc209edb606
2025-05-12 14:08:50,274 - INFO - Bit: 1, Public Hash: 7bf022430e2b13b2b65e198cd4bdf475dda916c1491f909a5af58a4757fbf255, Expected Public Key: 7bf022430e2b13b2b65e198cd4bdf475dda916c1491f909a5af58a4757fbf255
2025-05-12 14:08:50,274 - INFO - Bit: 1, Public Hash: 08e6b52d5437c28d0fad131d0a3c411ea94eb20aceb325278e52fdf9060190a9, Expected Public Key: 08e6b52d5437c28d0fad131d0a3c411ea94eb20aceb325278e52fdf9060190a9
2025-05-12 14:08:50,274 - INFO - Bit: 0, Public Hash: 5a7a70a389022896efa02943b50c622d8a5d11aa86a23382b444329c97f3636c, Expected Public Key: 5a7a70a389022896efa02943b50c622d8a5d11aa86a23382b444329c97f3636c
2025-05-12 14:08:50,274 - INFO - Bit: 1, Public Hash: acefb24623384eff2e1987e05ae960d5ead774a5db99b3f21440ff9250d7f58b, Expected Public Key: acefb24623384eff2e1987e05ae960d5ead774a5db99b3f21440ff9250d7f58b
2025-05-12 14:08:50,274 - INFO - Bit: 0, Public Hash: 877bca4cc336d59bd1ac5c071781c4a35aa23bceec6ebdfd486721af108c05d7, Expected Public Key: 877bca4cc336d59bd1ac5c071781c4a35aa23bceec6ebdfd486721af108c05d7
2025-05-12 14:08:50,274 - INFO - Bit: 1, Public Hash: d4c94296dd7cb552460ffc7f16b86a03e187a938fa6e1d310f26b26982961dc3, Expected Public Key: d4c94296dd7cb552460ffc7f16b86a03e187a938fa6e1d310f26b26982961dc3
2025-05-12 14:08:50,274 - INFO - Bit: 0, Public Hash: 23268eb1ebb0541141befa7b34a93ce927d9b19cdf92bd70a694aaa08014611e, Expected Public Key: 23268eb1ebb0541141befa7b34a93ce927d9b19cdf92bd70a694aaa08014611e
2025-05-12 14:08:50,274 - INFO - Bit: 0, Public Hash: 8487d7ceadc8049dc18f06f0cfa4dcf17583cef46ba0473a05d079cd01602f8b, Expected Public Key: 8487d7ceadc8049dc18f06f0cfa4dcf17583cef46ba0473a05d079cd01602f8b
2025-05-12 14:08:50,274 - INFO - Bit: 1, Public Hash: 30b31b5550afacc79bb0bd8e79bbe9bb9b90fa684dc50aeacc1826109b81f47b, Expected Public Key: 30b31b5550afacc79bb0bd8e79bbe9bb9b90fa684dc50aeacc1826109b81f47b
2025-05-12 14:08:50,274 - INFO - Bit: 1, Public Hash: 1393f5a98afcff161ae16f4ffaa6ed49628cdcfebad70fd800322b33f2b354f0, Expected Public Key: 1393f5a98afcff161ae16f4ffaa6ed49628cdcfebad70fd800322b33f2b354f0
2025-05-12 14:08:50,274 - INFO - Bit: 0, Public Hash: 5c4be004de12a0c07a6147875ff8e85060636e83be4c07ced1c20ba651acbbe3, Expected Public Key: 5c4be004de12a0c07a6147875ff8e85060636e83be4c07ced1c20ba651acbbe3
2025-05-12 14:08:50,274 - INFO - Bit: 1, Public Hash: cb83e79cc2e7d34db6b542adfd769129f1bb6a224dc1fe340de9d7138c2022f1, Expected Public Key: cb83e79cc2e7d34db6b542adfd769129f1bb6a224dc1fe340de9d7138c2022f1
2025-05-12 14:08:50,274 - INFO - Bit: 1, Public Hash: 649f888798946c75e840c925bda4e082ea391f9ac00a6ceda5549fda7ca3eaac, Expected Public Key: 649f888798946c75e840c925bda4e082ea391f9ac00a6ceda5549fda7ca3eaac
2025-05-12 14:08:50,274 - INFO - Bit: 0, Public Hash: a01b9a54133c8c0da37e4780241e25031673b5722a4a664d6025655e273fcd80, Expected Public Key: a01b9a54133c8c0da37e4780241e25031673b5722a4a664d6025655e273fcd80
2025-05-12 14:08:50,274 - INFO - Bit: 0, Public Hash: 8e406d8f8618625fe358cc3c19791f226eaa25d17d3f0c6d2e0d24e076635dc2, Expected Public Key: 8e406d8f8618625fe358cc3c19791f226eaa25d17d3f0c6d2e0d24e076635dc2
2025-05-12 14:08:50,274 - INFO - Bit: 1, Public Hash: a3233d1e250f431a3d67cadd8ef3ac57d93076561fd9e1ce6d9aff3e47209a3d, Expected Public Key: a3233d1e250f431a3d67cadd8ef3ac57d93076561fd9e1ce6d9aff3e47209a3d
2025-05-12 14:08:50,274 - INFO - Bit: 1, Public Hash: b10f729d6a11e2fe862c55c0b24f6d05ed95afa41bb722a5fc3395819b3890d7, Expected Public Key: b10f729d6a11e2fe862c55c0b24f6d05ed95afa41bb722a5fc3395819b3890d7
2025-05-12 14:08:50,274 - INFO - Bit: 1, Public Hash: a92f1e04c8587919d28152ad9d7379366b43388ed5b0d9852fa40c16b93ff76b, Expected Public Key: a92f1e04c8587919d28152ad9d7379366b43388ed5b0d9852fa40c16b93ff76b
2025-05-12 14:08:50,274 - INFO - Bit: 1, Public Hash: 8167a2fb384272177d40b6c440f8b83aed671965125ea571af3241724e51ce6f, Expected Public Key: 8167a2fb384272177d40b6c440f8b83aed671965125ea571af3241724e51ce6f
2025-05-12 14:08:50,274 - INFO - Bit: 1, Public Hash: ff0b6e35b7ff722d7ae067e62628d69c2b1d0b910470e6efaf1d5fc8baf3436d, Expected Public Key: ff0b6e35b7ff722d7ae067e62628d69c2b1d0b910470e6efaf1d5fc8baf3436d
2025-05-12 14:08:50,274 - INFO - Bit: 0, Public Hash: c8fb2e73dddcadc74f58d56db29a651ba5f469c11c41981e805c1623d776de8b, Expected Public Key: c8fb2e73dddcadc74f58d56db29a651ba5f469c11c41981e805c1623d776de8b
2025-05-12 14:08:50,274 - INFO - Bit: 1, Public Hash: 4482b721de2d315e90f3d350775b5a4809d5d2763399ff6e578bc45e5bc41cee, Expected Public Key: 4482b721de2d315e90f3d350775b5a4809d5d2763399ff6e578bc45e5bc41cee
2025-05-12 14:08:50,274 - INFO - Bit: 1, Public Hash: bfb236fe0fc8bac28d9d06770ad7cd94686987d59998bc48c94db80b7a4c88bb, Expected Public Key: bfb236fe0fc8bac28d9d06770ad7cd94686987d59998bc48c94db80b7a4c88bb
2025-05-12 14:08:50,274 - INFO - Bit: 1, Public Hash: 6be20799c93f8feb7c14f6e14422a9424aaee7e845976a6fad2d6e02784b3d51, Expected Public Key: 6be20799c93f8feb7c14f6e14422a9424aaee7e845976a6fad2d6e02784b3d51
2025-05-12 14:08:50,274 - INFO - Bit: 0, Public Hash: f28cf6381c6fd05e8fd2fea55243e9627d1a9629a2798146344f9d264a1e273e, Expected Public Key: f28cf6381c6fd05e8fd2fea55243e9627d1a9629a2798146344f9d264a1e273e
2025-05-12 14:08:50,274 - INFO - Bit: 0, Public Hash: 8e2dcd61adb146feb8915d3d7880f6282eff40a835baf9094b70538a661d69f6, Expected Public Key: 8e2dcd61adb146feb8915d3d7880f6282eff40a835baf9094b70538a661d69f6
2025-05-12 14:08:50,274 - INFO - Bit: 1, Public Hash: 8ba77beeec4107419d0992e99ea42c9c8a53b7ab62f1c90cedac3d4517abd550, Expected Public Key: 8ba77beeec4107419d0992e99ea42c9c8a53b7ab62f1c90cedac3d4517abd550
2025-05-12 14:08:50,274 - INFO - Bit: 1, Public Hash: ec03f774d36b499bb2483fbd108a0a219f2900b9223b63cb60b8c1bc6eb80300, Expected Public Key: ec03f774d36b499bb2483fbd108a0a219f2900b9223b63cb60b8c1bc6eb80300
2025-05-12 14:08:50,274 - INFO - Bit: 0, Public Hash: a7bb89e6393410b6bd1074c1039239c176c4d15c7cb75e6511fc3328a8aead5c, Expected Public Key: a7bb89e6393410b6bd1074c1039239c176c4d15c7cb75e6511fc3328a8aead5c
2025-05-12 14:08:50,274 - INFO - Bit: 1, Public Hash: b773d02cc5fcdf207d078d6c41b06ce3d9ea84e849f5920b0daccb83f28848a6, Expected Public Key: b773d02cc5fcdf207d078d6c41b06ce3d9ea84e849f5920b0daccb83f28848a6
2025-05-12 14:08:50,274 - INFO - Bit: 0, Public Hash: 4f9734daede4e590817daa708983b6c75c555015559319512427123b9cc95c21, Expected Public Key: 4f9734daede4e590817daa708983b6c75c555015559319512427123b9cc95c21
2025-05-12 14:08:50,274 - INFO - Bit: 1, Public Hash: 1ffc5daeef597e236925ca4795e9d550f6ca8c6564cc661b01763c6298a4240c, Expected Public Key: 1ffc5daeef597e236925ca4795e9d550f6ca8c6564cc661b01763c6298a4240c
2025-05-12 14:08:50,274 - INFO - Bit: 0, Public Hash: ab645c320674bca147147c8d1fd70736ea1fe6a5246ae450019e2cdda882567c, Expected Public Key: ab645c320674bca147147c8d1fd70736ea1fe6a5246ae450019e2cdda882567c
2025-05-12 14:08:50,274 - INFO - Bit: 1, Public Hash: 94c9c9027d5779e38c75b3e74350e96a942a2ffad8d3608f74fba3ffad0d170b, Expected Public Key: 94c9c9027d5779e38c75b3e74350e96a942a2ffad8d3608f74fba3ffad0d170b
2025-05-12 14:08:50,274 - INFO - Bit: 0, Public Hash: 32c3e68c081ed10a851102c2a5b8759128b81477c3329c61933ea1f7336f09dd, Expected Public Key: 32c3e68c081ed10a851102c2a5b8759128b81477c3329c61933ea1f7336f09dd
2025-05-12 14:08:50,274 - INFO - Bit: 1, Public Hash: fdf509017e028ceb6cb8802148c5a1da294c1add34d7b11cdc5b2325646f0beb, Expected Public Key: fdf509017e028ceb6cb8802148c5a1da294c1add34d7b11cdc5b2325646f0beb
2025-05-12 14:08:50,274 - INFO - Bit: 0, Public Hash: 8bc25c666834f6f219ea60b89163d215a630b849f601ad9c555d5b17dfd2a38a, Expected Public Key: 8bc25c666834f6f219ea60b89163d215a630b849f601ad9c555d5b17dfd2a38a
2025-05-12 14:08:50,274 - INFO - Bit: 0, Public Hash: 6b84965281d01a9c3661f94884374feef574d25f5e93cf45cb2c8325860c68b9, Expected Public Key: 6b84965281d01a9c3661f94884374feef574d25f5e93cf45cb2c8325860c68b9
2025-05-12 14:08:50,274 - INFO - Bit: 0, Public Hash: 006cf13b603c4a16128b5e5ec787e484540d739e077d8229d274e009c15f967e, Expected Public Key: 006cf13b603c4a16128b5e5ec787e484540d739e077d8229d274e009c15f967e
2025-05-12 14:08:50,274 - INFO - Bit: 0, Public Hash: 88f552fae95b2754994339b2e912743477870071f6072545bdf4cd858309b38f, Expected Public Key: 88f552fae95b2754994339b2e912743477870071f6072545bdf4cd858309b38f
2025-05-12 14:08:50,274 - INFO - Bit: 1, Public Hash: 6d0ecf7db9b4d7617414c715a2a01bce556f41774f0a6e38eb0be22f81347aaf, Expected Public Key: 6d0ecf7db9b4d7617414c715a2a01bce556f41774f0a6e38eb0be22f81347aaf
2025-05-12 14:08:50,274 - INFO - Bit: 1, Public Hash: b3a5ec33191b698220055613b1d61bac490d9d6535555a4ba5812e2cd137c5f8, Expected Public Key: b3a5ec33191b698220055613b1d61bac490d9d6535555a4ba5812e2cd137c5f8
2025-05-12 14:08:50,274 - INFO - Bit: 0, Public Hash: 774846875c34f4fad4287a1d78b37ca7927441978144ea76b25168ca682d24fb, Expected Public Key: 774846875c34f4fad4287a1d78b37ca7927441978144ea76b25168ca682d24fb
2025-05-12 14:08:50,274 - INFO - Bit: 1, Public Hash: a1d37676891d29352b41ed170b60ceaeafb9fbf4252ee007a8fe9ced276cdf3a, Expected Public Key: a1d37676891d29352b41ed170b60ceaeafb9fbf4252ee007a8fe9ced276cdf3a
2025-05-12 14:08:50,274 - INFO - Bit: 0, Public Hash: 65b49409bc6638655063c99be01696e9bc97a017e83bf079b3572e3004fda90d, Expected Public Key: 65b49409bc6638655063c99be01696e9bc97a017e83bf079b3572e3004fda90d
2025-05-12 14:08:50,274 - INFO - Signature verification successful.
2025-05-12 14:09:20,400 - INFO - Bit: 0, Public Hash: c03d1f4df826f544b63f184b9f8166b7f54ffc09545f24e6b28a220d4dca7997, Expected Public Key: 935fde4a46eb6e975eb0a679e1c6fd7e7932cdee2db88e261f0b11f89978ae28
2025-05-12 14:09:20,400 - WARNING - Signature verification failed at index 0.
